<?xml version="1.0" encoding="UTF-8"?>
<testng-results ignored="0" total="1" passed="0" failed="1" skipped="0">
  <reporter-output>
  </reporter-output>
  <suite started-at="2022-05-09T11:11:13 UZT" name="Hardcore" finished-at="2022-05-09T11:12:05 UZT" duration-ms="52293">
    <groups>
    </groups>
    <test started-at="2022-05-09T11:11:13 UZT" name="Hardcore" finished-at="2022-05-09T11:12:05 UZT" duration-ms="52293">
      <class name="framework.Hardcore.test.GoogleCloudPlatformPricingCalculateTest">
        <test-method is-config="true" signature="setUp()[pri:0, instance:framework.Hardcore.test.GoogleCloudPlatformPricingCalculateTest@32ee6fee]" started-at="2022-05-09T11:11:13 UZT" name="setUp" finished-at="2022-05-09T11:11:16 UZT" duration-ms="3332" status="PASS">
          <reporter-output>
          </reporter-output>
        </test-method> <!-- setUp -->
        <test-method signature="pricingCalculate()[pri:0, instance:framework.Hardcore.test.GoogleCloudPlatformPricingCalculateTest@32ee6fee]" started-at="2022-05-09T11:11:16 UZT" name="pricingCalculate" description="Price comparison test" finished-at="2022-05-09T11:12:04 UZT" duration-ms="48078" status="FAIL">
          <exception class="org.openqa.selenium.TimeoutException">
            <message>
              <![CDATA[Expected condition failed: waiting for visibility of [[[[FirefoxDriver: firefox on WINDOWS (afe8d709-eb37-47fa-9942-cc578a5ba2b8)] -> xpath: //*[@placeholder='Series']]] -> xpath: .//md-option[contains(., 'N1')]] (tried for 1 second(s) with 500 milliseconds interval)
Build info: version: '4.1.4', revision: '535d840ee2'
System info: host: 'MY-HP', ip: '192.168.1.105', os.name: 'Windows 11', os.arch: 'amd64', os.version: '10.0', java.version: '11.0.15'
Driver info: org.openqa.selenium.firefox.FirefoxDriver
Capabilities {acceptInsecureCerts: true, browserName: firefox, browserVersion: 99.0.1, javascriptEnabled: true, moz:accessibilityChecks: false, moz:buildID: 20220411174855, moz:debuggerAddress: localhost:52478, moz:geckodriverVersion: 0.31.0, moz:headless: false, moz:processID: 6200, moz:profile: C:\WINDOWS\SystemTemp\rust_..., moz:shutdownTimeout: 60000, moz:useNonSpecCompliantPointerOrigin: false, moz:webdriverClick: true, pageLoadStrategy: normal, platform: WINDOWS, platformName: WINDOWS, platformVersion: 10.0, proxy: Proxy(), se:cdp: ws://localhost:52478/devtoo..., se:cdpVersion: 85.0, setWindowRect: true, strictFileInteractability: false, timeouts: {implicit: 0, pageLoad: 300000, script: 30000}, unhandledPromptBehavior: dismiss and notify}
Session ID: afe8d709-eb37-47fa-9942-cc578a5ba2b8]]>
            </message>
            <full-stacktrace>
              <![CDATA[org.openqa.selenium.TimeoutException: Expected condition failed: waiting for visibility of [[[[FirefoxDriver: firefox on WINDOWS (afe8d709-eb37-47fa-9942-cc578a5ba2b8)] -> xpath: //*[@placeholder='Series']]] -> xpath: .//md-option[contains(., 'N1')]] (tried for 1 second(s) with 500 milliseconds interval)
Build info: version: '4.1.4', revision: '535d840ee2'
System info: host: 'MY-HP', ip: '192.168.1.105', os.name: 'Windows 11', os.arch: 'amd64', os.version: '10.0', java.version: '11.0.15'
Driver info: org.openqa.selenium.firefox.FirefoxDriver
Capabilities {acceptInsecureCerts: true, browserName: firefox, browserVersion: 99.0.1, javascriptEnabled: true, moz:accessibilityChecks: false, moz:buildID: 20220411174855, moz:debuggerAddress: localhost:52478, moz:geckodriverVersion: 0.31.0, moz:headless: false, moz:processID: 6200, moz:profile: C:\WINDOWS\SystemTemp\rust_..., moz:shutdownTimeout: 60000, moz:useNonSpecCompliantPointerOrigin: false, moz:webdriverClick: true, pageLoadStrategy: normal, platform: WINDOWS, platformName: WINDOWS, platformVersion: 10.0, proxy: Proxy(), se:cdp: ws://localhost:52478/devtoo..., se:cdpVersion: 85.0, setWindowRect: true, strictFileInteractability: false, timeouts: {implicit: 0, pageLoad: 300000, script: 30000}, unhandledPromptBehavior: dismiss and notify}
Session ID: afe8d709-eb37-47fa-9942-cc578a5ba2b8
at org.openqa.selenium.support.ui.WebDriverWait.timeoutException(WebDriverWait.java:87)
at org.openqa.selenium.support.ui.FluentWait.until(FluentWait.java:231)
at framework.Hardcore.page.PricingCalculatorPage.selectOption(PricingCalculatorPage.java:87)
at framework.Hardcore.page.PricingCalculatorPage.setSeries(PricingCalculatorPage.java:108)
at framework.Hardcore.page.PricingCalculatorPage.fillVirtualMachineData(PricingCalculatorPage.java:67)
at framework.Hardcore.test.GoogleCloudPlatformPricingCalculateTest.getCalculatorResult(GoogleCloudPlatformPricingCalculateTest.java:38)
at framework.Hardcore.test.GoogleCloudPlatformPricingCalculateTest.pricingCalculate(GoogleCloudPlatformPricingCalculateTest.java:23)
at java.base/jdk.internal.reflect.NativeMethodAccessorImpl.invoke0(Native Method)
at java.base/jdk.internal.reflect.NativeMethodAccessorImpl.invoke(NativeMethodAccessorImpl.java:62)
at java.base/jdk.internal.reflect.DelegatingMethodAccessorImpl.invoke(DelegatingMethodAccessorImpl.java:43)
at java.base/java.lang.reflect.Method.invoke(Method.java:566)
at org.testng.internal.invokers.MethodInvocationHelper.invokeMethod(MethodInvocationHelper.java:135)
at org.testng.internal.invokers.TestInvoker.invokeMethod(TestInvoker.java:673)
at org.testng.internal.invokers.TestInvoker.invokeTestMethod(TestInvoker.java:220)
at org.testng.internal.invokers.MethodRunner.runInSequence(MethodRunner.java:50)
at org.testng.internal.invokers.TestInvoker$MethodInvocationAgent.invoke(TestInvoker.java:945)
at org.testng.internal.invokers.TestInvoker.invokeTestMethods(TestInvoker.java:193)
at org.testng.internal.invokers.TestMethodWorker.invokeTestMethods(TestMethodWorker.java:146)
at org.testng.internal.invokers.TestMethodWorker.run(TestMethodWorker.java:128)
at java.base/java.util.ArrayList.forEach(ArrayList.java:1541)
at org.testng.TestRunner.privateRun(TestRunner.java:808)
at org.testng.TestRunner.run(TestRunner.java:603)
at org.testng.SuiteRunner.runTest(SuiteRunner.java:429)
at org.testng.SuiteRunner.runSequentially(SuiteRunner.java:423)
at org.testng.SuiteRunner.privateRun(SuiteRunner.java:383)
at org.testng.SuiteRunner.run(SuiteRunner.java:326)
at org.testng.SuiteRunnerWorker.runSuite(SuiteRunnerWorker.java:52)
at org.testng.SuiteRunnerWorker.run(SuiteRunnerWorker.java:95)
at org.testng.TestNG.runSuitesSequentially(TestNG.java:1249)
at org.testng.TestNG.runSuitesLocally(TestNG.java:1169)
at org.testng.TestNG.runSuites(TestNG.java:1092)
at org.testng.TestNG.run(TestNG.java:1060)
at org.apache.maven.surefire.testng.TestNGExecutor.run(TestNGExecutor.java:324)
at org.apache.maven.surefire.testng.TestNGXmlTestSuite.execute(TestNGXmlTestSuite.java:74)
at org.apache.maven.surefire.testng.TestNGProvider.invoke(TestNGProvider.java:123)
at org.apache.maven.surefire.booter.ForkedBooter.runSuitesInProcess(ForkedBooter.java:456)
at org.apache.maven.surefire.booter.ForkedBooter.execute(ForkedBooter.java:169)
at org.apache.maven.surefire.booter.ForkedBooter.run(ForkedBooter.java:595)
at org.apache.maven.surefire.booter.ForkedBooter.main(ForkedBooter.java:581)
]]>
            </full-stacktrace>
          </exception> <!-- org.openqa.selenium.TimeoutException -->
          <reporter-output>
          </reporter-output>
        </test-method> <!-- pricingCalculate -->
        <test-method is-config="true" signature="closeBrowser()[pri:0, instance:framework.Hardcore.test.GoogleCloudPlatformPricingCalculateTest@32ee6fee]" started-at="2022-05-09T11:12:04 UZT" name="closeBrowser" finished-at="2022-05-09T11:12:05 UZT" duration-ms="711" status="PASS">
          <reporter-output>
          </reporter-output>
        </test-method> <!-- closeBrowser -->
      </class> <!-- framework.Hardcore.test.GoogleCloudPlatformPricingCalculateTest -->
    </test> <!-- Hardcore -->
  </suite> <!-- Hardcore -->
</testng-results>
