<?xml version="1.0" encoding="UTF-8"?>
<testng-results ignored="0" total="1" passed="1" failed="0" skipped="0">
  <reporter-output>
  </reporter-output>
  <suite started-at="2022-05-09T10:15:36 UZT" name="Hardcore" finished-at="2022-05-09T10:16:52 UZT" duration-ms="75722">
    <groups>
    </groups>
    <test started-at="2022-05-09T10:15:36 UZT" name="Hardcore" finished-at="2022-05-09T10:16:52 UZT" duration-ms="75722">
      <class name="framework.Hardcore.test.GoogleCloudPlatformPricingCalculateTest">
        <test-method is-config="true" signature="setUp()[pri:0, instance:framework.Hardcore.test.GoogleCloudPlatformPricingCalculateTest@32ee6fee]" started-at="2022-05-09T10:15:36 UZT" name="setUp" finished-at="2022-05-09T10:15:38 UZT" duration-ms="2074" status="PASS">
          <reporter-output>
          </reporter-output>
        </test-method> <!-- setUp -->
        <test-method signature="pricingCalculate()[pri:0, instance:framework.Hardcore.test.GoogleCloudPlatformPricingCalculateTest@32ee6fee]" started-at="2022-05-09T10:15:38 UZT" name="pricingCalculate" description="Price comparison test" finished-at="2022-05-09T10:16:51 UZT" duration-ms="72802" status="PASS">
          <reporter-output>
          </reporter-output>
        </test-method> <!-- pricingCalculate -->
        <test-method is-config="true" signature="closeBrowser()[pri:0, instance:framework.Hardcore.test.GoogleCloudPlatformPricingCalculateTest@32ee6fee]" started-at="2022-05-09T10:16:51 UZT" name="closeBrowser" finished-at="2022-05-09T10:16:52 UZT" duration-ms="830" status="PASS">
          <reporter-output>
          </reporter-output>
        </test-method> <!-- closeBrowser -->
      </class> <!-- framework.Hardcore.test.GoogleCloudPlatformPricingCalculateTest -->
    </test> <!-- Hardcore -->
  </suite> <!-- Hardcore -->
</testng-results>
